[2026-03-10 10:25:03 UTC] MONITOR: No open positions or pending orders — skipping
[2026-03-10 10:25:08 UTC] M5 SCALP SCAN starting
[2026-03-10 10:25:08 UTC] M5_SCALP NZDUSD: score=7.44/14.0 dir=BUY conv=MEDIUM price=0.5937
[2026-03-10 10:25:08 UTC] M5_SCALP NZDUSD: SIGNAL detected (score=7.44)
[2026-03-10 10:25:13 UTC] M5_SCALP NZDUSD: SKIP trade — failed to build payload
[2026-03-10 10:25:13 UTC] M5 SCALP SCAN done — 1 signal(s) found
[2026-03-10 10:26:11 UTC] M5 SCALP SCAN starting
[2026-03-10 10:26:12 UTC] M5_SCALP NZDUSD: score=7.44/14.0 dir=BUY conv=MEDIUM price=0.5936
[2026-03-10 10:26:12 UTC] M5_SCALP NZDUSD: SIGNAL detected (score=7.44)
[2026-03-10 10:26:17 UTC] M5_SCALP NZDUSD: SUBMITTING MARKET trade dir=BUY conv=MEDIUM
[2026-03-10 10:26:20 UTC] M5_SCALP NZDUSD: Trade result=failed — Execution failed: cTrader order error NOT_ENOUGH_MONEY: Not enough funds
[2026-03-10 10:26:20 UTC] M5 SCALP SCAN done — 1 signal(s) found
[2026-03-10 10:27:01 UTC] M5 SCALP SCAN starting
[2026-03-10 10:28:03 UTC] M5 SCALP SCAN starting
[2026-03-10 10:28:04 UTC] M5_SCALP NZDUSD: score=7.65/14.0 dir=BUY conv=MEDIUM price=0.5935
[2026-03-10 10:28:04 UTC] M5_SCALP NZDUSD: SIGNAL detected (score=7.65)
[2026-03-10 10:28:07 UTC] M5_SCALP NZDUSD: SKIP trade — same-direction debounce (debounce:2min_ago)
[2026-03-10 10:28:07 UTC] M5 SCALP SCAN done — 1 signal(s) found
[2026-03-10 10:28:13 UTC] M5 SCALP SCAN starting
[2026-03-10 10:28:13 UTC] M5_SCALP NZDUSD: score=7.65/14.0 dir=BUY conv=MEDIUM price=0.5935
[2026-03-10 10:28:13 UTC] M5_SCALP NZDUSD: SIGNAL detected (score=7.65)
[2026-03-10 10:28:18 UTC] M5_SCALP NZDUSD: SUBMITTING MARKET trade dir=BUY conv=MEDIUM
[2026-03-10 10:28:21 UTC] M5_SCALP NZDUSD: Trade result=failed — Execution failed: cTrader order error NOT_ENOUGH_MONEY: Not enough funds
[2026-03-10 10:28:21 UTC] M5 SCALP SCAN done — 1 signal(s) found
[2026-03-10 10:29:09 UTC] M5 SCALP SCAN starting
[2026-03-10 10:29:10 UTC] M5_SCALP NZDUSD: score=8.71/14.0 dir=BUY conv=MEDIUM price=0.5937
[2026-03-10 10:29:10 UTC] M5_SCALP NZDUSD: SIGNAL detected (score=8.71)
[2026-03-10 10:29:15 UTC] M5_SCALP NZDUSD: SUBMITTING MARKET trade dir=BUY conv=MEDIUM
[2026-03-10 10:29:18 UTC] M5_SCALP NZDUSD: Trade result=failed — Execution failed: cTrader order error NOT_ENOUGH_MONEY: Not enough funds
[2026-03-10 10:29:18 UTC] M5 SCALP SCAN done — 1 signal(s) found
[2026-03-10 10:29:59 UTC] M5 SCALP SCAN starting
[2026-03-10 10:30:00 UTC] M5_SCALP NZDUSD: score=8.71/14.0 dir=BUY conv=MEDIUM price=0.5937
[2026-03-10 10:30:00 UTC] M5_SCALP NZDUSD: SIGNAL detected (score=8.71)
[2026-03-10 10:30:01 UTC] M15_SENSEI: Feature flag disabled (sensei_btc_enabled=false), exiting
[2026-03-10 10:30:01 UTC] MONITOR starting
[2026-03-10 10:30:04 UTC] MONITOR: No open positions or pending orders — skipping
[2026-03-10 10:30:05 UTC] M5_SCALP NZDUSD: SUBMITTING MARKET trade dir=BUY conv=MEDIUM
[2026-03-10 10:30:08 UTC] M5_SCALP NZDUSD: Trade result=failed — Execution failed: cTrader order error NOT_ENOUGH_MONEY: Not enough funds
[2026-03-10 10:30:08 UTC] M5 SCALP SCAN done — 1 signal(s) found
[2026-03-10 10:30:42 UTC] M5 SCALP SCAN starting
[2026-03-10 10:30:43 UTC] M5_SCALP NZDUSD: score=8.71/14.0 dir=BUY conv=MEDIUM price=0.5937
[2026-03-10 10:30:43 UTC] M5_SCALP NZDUSD: SIGNAL detected (score=8.71)
[2026-03-10 10:30:48 UTC] M5_SCALP NZDUSD: SUBMITTING MARKET trade dir=BUY conv=MEDIUM
[2026-03-10 10:30:51 UTC] M5_SCALP NZDUSD: Trade result=failed — Execution failed: cTrader order error NOT_ENOUGH_MONEY: Not enough funds
[2026-03-10 10:30:51 UTC] M5 SCALP SCAN done — 1 signal(s) found
[2026-03-10 10:31:22 UTC] M5 SCALP SCAN starting
[2026-03-10 10:31:22 UTC] M5_SCALP NZDUSD: score=7.44/14.0 dir=BUY conv=MEDIUM price=0.5938
[2026-03-10 10:31:22 UTC] M5_SCALP NZDUSD: SIGNAL detected (score=7.44)
[2026-03-10 10:31:28 UTC] M5_SCALP NZDUSD: SUBMITTING MARKET trade dir=BUY conv=MEDIUM
[2026-03-10 10:31:32 UTC] M5_SCALP NZDUSD: Trade result=executed — Trade Filled: order 28411606
[2026-03-10 10:31:33 UTC] M5 SCALP SCAN done — 1 signal(s) found
[2026-03-10 10:32:01 UTC] M5 SCALP SCAN starting
[2026-03-10 10:35:01 UTC] MONITOR starting
[2026-03-10 10:35:04 UTC] MONITOR: No open positions or pending orders — skipping
[2026-03-10 10:37:01 UTC] M5 SCALP SCAN starting
[2026-03-10 10:40:01 UTC] MONITOR starting
[2026-03-10 10:40:04 UTC] MONITOR: No open positions or pending orders — skipping
[2026-03-10 10:42:01 UTC] M5 SCALP SCAN starting
[2026-03-10 10:45:01 UTC] MONITOR starting
[2026-03-10 10:45:01 UTC] M15_SENSEI: Feature flag disabled (sensei_btc_enabled=false), exiting
[2026-03-10 10:45:04 UTC] MONITOR: No open positions or pending orders — skipping
[2026-03-10 10:47:01 UTC] M5 SCALP SCAN starting
[2026-03-10 10:50:01 UTC] MONITOR starting
[2026-03-10 10:50:04 UTC] MONITOR: No open positions or pending orders — skipping
[2026-03-10 10:52:01 UTC] M5 SCALP SCAN starting
[2026-03-10 12:54:32 UTC] M5 SCALP SCAN starting
[2026-03-10 12:54:32 UTC] M5 SCALP SCAN starting
[2026-03-10 12:54:32 UTC] M5 SCALP SCAN starting
[2026-03-10 12:54:32 UTC] M5 SCALP SCAN starting
[2026-03-10 12:54:32 UTC] M5 SCALP SCAN starting
[2026-03-10 12:54:32 UTC] M5 SCALP SCAN starting
[2026-03-10 12:54:32 UTC] M5 SCALP SCAN starting
[2026-03-10 12:54:32 UTC] M5 SCALP SCAN starting
[2026-03-10 12:54:32 UTC] M5 SCALP SCAN starting
[2026-03-10 12:54:32 UTC] M5 SCALP SCAN starting
[2026-03-10 12:54:32 UTC] M5 SCALP SCAN starting
[2026-03-10 12:54:32 UTC] M5 SCALP SCAN starting
[2026-03-10 12:54:32 UTC] M5 SCALP SCAN starting
[2026-03-10 12:54:32 UTC] M5 SCALP SCAN starting
[2026-03-10 12:54:32 UTC] M5 SCALP SCAN starting
[2026-03-10 12:54:32 UTC] M5 SCALP SCAN starting
[2026-03-10 12:54:32 UTC] M5 SCALP SCAN starting
[2026-03-10 12:54:32 UTC] M5 SCALP SCAN starting
[2026-03-10 12:54:32 UTC] M5 SCALP SCAN starting
[2026-03-10 12:54:32 UTC] M5 SCALP SCAN starting
[2026-03-10 12:54:32 UTC] M5 SCALP SCAN starting
[2026-03-10 12:54:32 UTC] M5 SCALP SCAN starting
[2026-03-10 12:54:32 UTC] M5 SCALP SCAN starting
[2026-03-10 12:54:32 UTC] M5 SCALP SCAN starting
[2026-03-10 13:34:41 UTC] M5 SCALP SCAN starting
[2026-03-10 13:34:41 UTC] M5 SCALP SCAN starting
[2026-03-10 13:34:41 UTC] M5 SCALP SCAN starting
[2026-03-10 13:34:41 UTC] M5 SCALP SCAN starting
[2026-03-10 13:34:41 UTC] M5 SCALP SCAN starting
[2026-03-10 13:34:41 UTC] M5 SCALP SCAN starting
[2026-03-10 13:34:41 UTC] M5 SCALP SCAN starting
[2026-03-10 13:34:41 UTC] M5 SCALP SCAN starting
[2026-03-10 13:35:01 UTC] MONITOR starting
[2026-03-10 13:35:03 UTC] MONITOR: No open positions or pending orders — skipping
[2026-03-10 15:36:39 UTC] M5 SCALP SCAN starting
[2026-03-10 16:45:01 UTC] MONITOR starting
[2026-03-10 16:45:01 UTC] M15_SENSEI: Feature flag disabled (sensei_btc_enabled=false), exiting
[2026-03-10 16:45:37 UTC] MONITOR: No open positions or pending orders — skipping
[2026-03-10 16:45:38 UTC] M5 SCALP SCAN starting
[2026-03-10 16:45:38 UTC] M5_SCALP NZDUSD: score=6.16/14.0 dir=BUY conv=MEDIUM price=0.5953
[2026-03-10 16:45:38 UTC] M5_SCALP NZDUSD: SIGNAL detected (score=6.16)
[2026-03-10 16:45:44 UTC] M5_SCALP NZDUSD: SUBMITTING MARKET trade dir=BUY conv=MEDIUM
[2026-03-10 16:45:47 UTC] M5_SCALP NZDUSD: Trade result=failed — Execution failed: cTrader order error NOT_ENOUGH_MONEY: Not enough funds
[2026-03-10 16:45:47 UTC] M5 SCALP SCAN done — 1 signal(s) found
[2026-03-10 16:46:27 UTC] M5 SCALP SCAN starting
[2026-03-10 16:46:28 UTC] M5_SCALP NZDUSD: score=6.16/14.0 dir=BUY conv=MEDIUM price=0.5953
[2026-03-10 16:46:28 UTC] M5_SCALP NZDUSD: SIGNAL detected (score=6.16)
[2026-03-10 16:46:34 UTC] M5_SCALP NZDUSD: SUBMITTING MARKET trade dir=BUY conv=MEDIUM
[2026-03-10 16:46:38 UTC] M5_SCALP NZDUSD: Trade result=executed — Trade Filled: order 28427478
[2026-03-10 16:46:38 UTC] M5 SCALP SCAN done — 1 signal(s) found
[2026-03-10 16:47:01 UTC] M5 SCALP SCAN starting
[2026-03-10 16:50:01 UTC] MONITOR starting
[2026-03-10 16:50:04 UTC] MONITOR: No open positions or pending orders — skipping
[2026-03-10 16:52:01 UTC] M5 SCALP SCAN starting
[2026-03-10 17:02:49 UTC] M5 SCALP SCAN starting
[2026-03-10 17:02:49 UTC] M5 SCALP SCAN starting
[2026-03-10 17:05:01 UTC] MONITOR starting
[2026-03-10 17:05:04 UTC] MONITOR: No open positions or pending orders — skipping
[2026-03-10 17:07:01 UTC] M5 SCALP SCAN starting
[2026-03-10 17:10:01 UTC] MONITOR starting
[2026-03-10 17:10:04 UTC] MONITOR: No open positions or pending orders — skipping
[2026-03-10 17:12:01 UTC] M5 SCALP SCAN starting
[2026-03-10 17:15:01 UTC] MONITOR starting
[2026-03-10 17:15:01 UTC] M15_SENSEI: Feature flag disabled (sensei_btc_enabled=false), exiting
[2026-03-10 17:15:04 UTC] MONITOR: No open positions or pending orders — skipping
[2026-03-10 17:17:01 UTC] M5 SCALP SCAN starting
[2026-03-10 17:20:01 UTC] MONITOR starting
[2026-03-10 17:20:04 UTC] MONITOR: No open positions or pending orders — skipping
[2026-03-10 17:22:01 UTC] M5 SCALP SCAN starting
[2026-03-10 17:25:01 UTC] MONITOR starting
[2026-03-10 17:25:04 UTC] MONITOR: No open positions or pending orders — skipping
[2026-03-10 17:27:01 UTC] M5 SCALP SCAN starting
[2026-03-10 17:30:01 UTC] MONITOR starting
[2026-03-10 17:30:01 UTC] M15_SENSEI: Feature flag disabled (sensei_btc_enabled=false), exiting
[2026-03-10 17:30:04 UTC] MONITOR: No open positions or pending orders — skipping
[2026-03-10 17:32:01 UTC] M5 SCALP SCAN starting
[2026-03-10 17:35:01 UTC] MONITOR starting
[2026-03-10 17:35:04 UTC] MONITOR: No open positions or pending orders — skipping
[2026-03-10 17:37:01 UTC] M5 SCALP SCAN starting
[2026-03-10 17:40:01 UTC] MONITOR starting
[2026-03-10 17:40:04 UTC] MONITOR: No open positions or pending orders — skipping
[2026-03-10 17:42:01 UTC] M5 SCALP SCAN starting
[2026-03-10 17:45:01 UTC] MONITOR starting
[2026-03-10 17:45:01 UTC] M15_SENSEI: Feature flag disabled (sensei_btc_enabled=false), exiting
[2026-03-10 17:45:04 UTC] MONITOR: No open positions or pending orders — skipping
[2026-03-10 17:47:01 UTC] M5 SCALP SCAN starting
[2026-03-10 17:50:01 UTC] MONITOR starting
[2026-03-10 17:50:04 UTC] MONITOR: No open positions or pending orders — skipping
[2026-03-10 17:52:01 UTC] M5 SCALP SCAN starting
[2026-03-10 17:55:01 UTC] MONITOR starting
[2026-03-10 17:55:04 UTC] MONITOR: No open positions or pending orders — skipping
[2026-03-10 17:57:01 UTC] M5 SCALP SCAN starting
[2026-03-10 18:00:01 UTC] MONITOR starting
[2026-03-10 18:00:01 UTC] M15_SENSEI: Feature flag disabled (sensei_btc_enabled=false), exiting
[2026-03-10 18:00:04 UTC] MONITOR: No open positions or pending orders — skipping
[2026-03-10 18:02:01 UTC] M5 SCALP SCAN starting
[2026-03-10 18:05:01 UTC] MONITOR starting
[2026-03-10 18:05:04 UTC] MONITOR: No open positions or pending orders — skipping
[2026-03-10 18:07:01 UTC] M5 SCALP SCAN starting
[2026-03-10 18:10:01 UTC] MONITOR starting
[2026-03-10 18:10:04 UTC] MONITOR: No open positions or pending orders — skipping
[2026-03-10 18:12:01 UTC] M5 SCALP SCAN starting
[2026-03-10 18:15:01 UTC] MONITOR starting
[2026-03-10 18:15:01 UTC] M15_SENSEI: Feature flag disabled (sensei_btc_enabled=false), exiting
[2026-03-10 18:15:04 UTC] MONITOR: No open positions or pending orders — skipping
[2026-03-10 18:17:01 UTC] M5 SCALP SCAN starting
[2026-03-10 18:20:01 UTC] MONITOR starting
[2026-03-10 18:20:04 UTC] MONITOR: No open positions or pending orders — skipping
